C51 COMPILER V9.60.7.0   MAIN                                                              07/08/2023 09:54:30 PAGE 1   


C51 COMPILER V9.60.7.0, COMPILATION OF MODULE MAIN
OBJECT MODULE PLACED IN .\Objects\main.obj
COMPILER INVOKED BY: C:\keil_c51\Keil_v5\C51\BIN\C51.EXE main.c OPTIMIZE(8,SPEED) BROWSE DEBUG OBJECTEXTEND PRINT(.\List
                    -ings\main.lst) OBJECT(.\Objects\main.obj)

line level    source

   1          #include <REGX52.H>
   2          #include "Delay.h"
   3          #include "LCD1602.H"
   4          #include "Matrixkey.h"
   5          int num = 0;
   6          int num1 = 0;
   7          void main()
   8          {
   9   1              LCD_Init();
  10   1              while(1)
  11   1              {
  12   2                      num = Matrixkey();
  13   2                      if(num)
  14   2                      {
  15   3                              if(num != num1)
  16   3                              {
  17   4                                      LCD_ShowString(1,1,"                ");
  18   4                                      LCD_ShowString(2,1,"                ");
  19   4                              }
  20   3                              if(num<=8)
  21   3                              {
  22   4                                      num1 = num;
  23   4                                      LCD_ShowNum(1,2*num-1,num,2);
  24   4                              }
  25   3                              else
  26   3                              {
  27   4                                      num1 = num;
  28   4                                      LCD_ShowNum(2,(2*num-1)%16,num,2);
  29   4                              }
  30   3                      }
  31   2              }
  32   1      }


MODULE INFORMATION:   STATIC OVERLAYABLE
   CODE SIZE        =    138    ----
   CONSTANT SIZE    =     17    ----
   XDATA SIZE       =   ----    ----
   PDATA SIZE       =   ----    ----
   DATA SIZE        =      4    ----
   IDATA SIZE       =   ----    ----
   BIT SIZE         =   ----    ----
END OF MODULE INFORMATION.


C51 COMPILATION COMPLETE.  0 WARNING(S),  0 ERROR(S)
