C51 COMPILER V9.60.7.0   MATRIXKEY                                                         07/08/2023 09:39:54 PAGE 1   


C51 COMPILER V9.60.7.0, COMPILATION OF MODULE MATRIXKEY
OBJECT MODULE PLACED IN .\Objects\Matrixkey.obj
COMPILER INVOKED BY: C:\keil_c51\Keil_v5\C51\BIN\C51.EXE Matrixkey.c OPTIMIZE(8,SPEED) BROWSE DEBUG OBJECTEXTEND PRINT(.
                    -\Listings\Matrixkey.lst) OBJECT(.\Objects\Matrixkey.obj)

line level    source

   1          #include "Delay.h"
   2          #include <REGX52.H>
   3          static int key = 0;
   4          int Matrixkey()
   5          {
   6   1              P1 = 0xf0;
   7   1              if(P1 != 0xf0)
   8   1              {
   9   2                      delay(20);
  10   2                      if(P1!=0xf0)
  11   2                      {
  12   3                              P1=0xf0;
  13   3                              switch(P1)
  14   3                              {
  15   4                                      case 0x70: key = 1;break;
  16   4                                      case 0xb0: key = 2;break;
  17   4                                      case 0xd0: key = 3;break;
  18   4                                      case 0xe0: key = 4;break;
  19   4                              }
  20   3                              P1 = 0x0f;
  21   3                              switch(P1)
  22   3                              {
  23   4                                      case 0x07: key = 4*(key - 1)+1;break;
  24   4                                      case 0x0b: key = 4*(key - 1)+2;break;
  25   4                                      case 0x0d: key = 4*(key - 1)+3;break;
  26   4                                      case 0x0e: key = 4*(key - 1)+4;break;
  27   4                              }
  28   3                      }
  29   2                      while(P1 != 0x0f);
  30   2              }
  31   1              return key;
  32   1      }


MODULE INFORMATION:   STATIC OVERLAYABLE
   CODE SIZE        =    186    ----
   CONSTANT SIZE    =   ----    ----
   XDATA SIZE       =   ----    ----
   PDATA SIZE       =   ----    ----
   DATA SIZE        =      2    ----
   IDATA SIZE       =   ----    ----
   BIT SIZE         =   ----    ----
END OF MODULE INFORMATION.


C51 COMPILATION COMPLETE.  0 WARNING(S),  0 ERROR(S)
